Build started 02.11.2014 13:00:17.
     1>Project "C:\Users\common\Documents\GitHub\SmoothRobotControl\VS\smooth_moving.vcxproj" on node 2 (build target(s)).
     1>InitializeBuildStatus:
         Touching "Release\smooth_moving.unsuccessfulbuild".
       ClCompile:
         C:\Program Files (x86)\Microsoft Visual Studio 10.0\VC\bin\CL.exe /c /Zi /nologo /W3 /WX- /O2 /Oi /Oy- /GL /D _MBCS /Gm- /EHsc /MD /GS /Gy /fp:precise /Zc:wchar_t /Zc:forScope /Fo"Release\\" /Fd"Release\vc100.pdb" /Gd /TP /analyze- /errorReport:prompt ..\main.cpp
         main.cpp
       Link:
         C:\Program Files (x86)\Microsoft Visual Studio 10.0\VC\bin\link.exe /ERRORREPORT:PROMPT /OUT:"C:\Users\common\Documents\GitHub\SmoothRobotControl\VS\Release\smooth_moving.exe" /NOLOGO kernel32.lib user32.lib gdi32.lib winspool.lib comdlg32.lib advapi32.lib shell32.lib ole32.lib oleaut32.lib uuid.lib odbc32.lib odbccp32.lib /MANIFEST /ManifestFile:"Release\smooth_moving.exe.intermediate.manifest" /MANIFESTUAC:"level='asInvoker' uiAccess='false'" /DEBUG /PDB:"C:\Users\common\Documents\GitHub\SmoothRobotControl\VS\Release\smooth_moving.pdb" /OPT:REF /OPT:ICF /LTCG /TLBID:1 /DYNAMICBASE /NXCOMPAT /IMPLIB:"C:\Users\common\Documents\GitHub\SmoothRobotControl\VS\Release\smooth_moving.lib" /MACHINE:X86 Release\main.obj
         Generating code
         Finished generating code
         smooth_moving.vcxproj -> C:\Users\common\Documents\GitHub\SmoothRobotControl\VS\Release\smooth_moving.exe
       Manifest:
         C:\Program Files (x86)\Microsoft SDKs\Windows\v7.0A\bin\mt.exe /nologo /verbose /outputresource:"C:\Users\common\Documents\GitHub\SmoothRobotControl\VS\Release\smooth_moving.exe;#1" /manifest Release\smooth_moving.exe.intermediate.manifest
       FinalizeBuildStatus:
         Deleting file "Release\smooth_moving.unsuccessfulbuild".
         Touching "Release\smooth_moving.lastbuildstate".
     1>Done Building Project "C:\Users\common\Documents\GitHub\SmoothRobotControl\VS\smooth_moving.vcxproj" (build target(s)).

Build succeeded.

Time Elapsed 00:00:00.68
