Build started 02.11.2014 13:00:04.
     1>Project "C:\Users\common\Documents\GitHub\SmoothRobotControl\VS\smooth_moving.vcxproj" on node 2 (build target(s)).
     1>InitializeBuildStatus:
         Creating "Debug\smooth_moving.unsuccessfulbuild" because "AlwaysCreate" was specified.
       ClCompile:
         C:\Program Files (x86)\Microsoft Visual Studio 10.0\VC\bin\CL.exe /c /ZI /nologo /W3 /WX- /Od /Oy- /D _MBCS /Gm /EHsc /RTC1 /MDd /GS /fp:precise /Zc:wchar_t /Zc:forScope /Fo"Debug\\" /Fd"Debug\vc100.pdb" /Gd /TP /analyze- /errorReport:prompt ..\main.cpp
         Skipping... (no relevant changes detected)
         main.cpp
       Link:
         C:\Program Files (x86)\Microsoft Visual Studio 10.0\VC\bin\link.exe /ERRORREPORT:PROMPT /OUT:"C:\Users\common\Documents\GitHub\SmoothRobotControl\VS\Debug\smooth_moving.exe" /NOLOGO kernel32.lib user32.lib gdi32.lib winspool.lib comdlg32.lib advapi32.lib shell32.lib ole32.lib oleaut32.lib uuid.lib odbc32.lib odbccp32.lib /MANIFEST /ManifestFile:"Debug\smooth_moving.exe.intermediate.manifest" /MANIFESTUAC:"level='asInvoker' uiAccess='false'" /DEBUG /PDB:"C:\Users\common\Documents\GitHub\SmoothRobotControl\VS\Debug\smooth_moving.pdb" /TLBID:1 /DYNAMICBASE /NXCOMPAT /IMPLIB:"C:\Users\common\Documents\GitHub\SmoothRobotControl\VS\Debug\smooth_moving.lib" /MACHINE:X86 Debug\main.obj
         LINK : C:\Users\common\Documents\GitHub\SmoothRobotControl\VS\Debug\smooth_moving.exe not found or not built by the last incremental link; performing full link
         smooth_moving.vcxproj -> C:\Users\common\Documents\GitHub\SmoothRobotControl\VS\Debug\smooth_moving.exe
       Manifest:
         C:\Program Files (x86)\Microsoft SDKs\Windows\v7.0A\bin\mt.exe /nologo /verbose /outputresource:"C:\Users\common\Documents\GitHub\SmoothRobotControl\VS\Debug\smooth_moving.exe;#1" /manifest Debug\smooth_moving.exe.intermediate.manifest
       FinalizeBuildStatus:
         Deleting file "Debug\smooth_moving.unsuccessfulbuild".
         Touching "Debug\smooth_moving.lastbuildstate".
     1>Done Building Project "C:\Users\common\Documents\GitHub\SmoothRobotControl\VS\smooth_moving.vcxproj" (build target(s)).

Build succeeded.

Time Elapsed 00:00:00.27
